12:32:08.160 [main] INFO  testCases.TC002_LoginTest - Chrome ***Starting TC002_LoginTest***
12:32:09.704 [main] INFO  testCases.TC002_LoginTest - Chrome Clicked for login page..
12:32:11.397 [main] INFO  testCases.TC002_LoginTest - Chrome Clicked login button
12:32:11.472 [main] INFO  testCases.TC002_LoginTest - Chrome Test Passed
12:32:11.472 [main] INFO  testCases.TC002_LoginTest - Chrome ***Finished TC001_AccountRegistrationTest***
12:32:36.579 [main] DEBUG org.testng.TestNG - suiteXmlPath: "D:\Lakshmy-SeleniumWorkSpace\MyOpenCart\groupTesting.xml"
12:32:36.861 [main] INFO  org.testng.internal.Utils - [TestNG] Running:
  D:\Lakshmy-SeleniumWorkSpace\MyOpenCart\groupTesting.xml

12:32:57.626 [main] DEBUG org.testng.TestNG - suiteXmlPath: "D:\Lakshmy-SeleniumWorkSpace\MyOpenCart\groupTesting.xml"
12:32:57.902 [main] INFO  org.testng.internal.Utils - [TestNG] Running:
  D:\Lakshmy-SeleniumWorkSpace\MyOpenCart\groupTesting.xml

12:32:59.940 [main] INFO  testCases.TC001_AccountRegistrationTest - Running in Chrome Browser...
12:33:00.539 [main] INFO  testCases.TC001_AccountRegistrationTest - Executing url http://localhost/opencart/upload/
12:33:00.539 [main] INFO  testCases.TC001_AccountRegistrationTest - Chrome Reading properties from config.properties
12:33:00.651 [main] INFO  testCases.TC001_AccountRegistrationTest - Chrome ***Starting TC001_AccountRegistrationTest***
12:33:01.388 [main] INFO  testCases.TC001_AccountRegistrationTest - Chrome Clicked registration page..
12:33:01.390 [main] INFO  testCases.TC001_AccountRegistrationTest - Chrome Providing customer details for registration..
12:33:04.731 [main] INFO  testCases.TC001_AccountRegistrationTest - Chrome Asserting confirmation message..
12:33:04.731 [main] INFO  testCases.TC001_AccountRegistrationTest - Chrome Test Passed
12:33:04.731 [main] INFO  testCases.TC001_AccountRegistrationTest - Chrome ***Finished TC001_AccountRegistrationTest***
12:33:06.565 [main] INFO  testCases.TC002_LoginTest - Running in Chrome Browser...
12:33:07.457 [main] INFO  testCases.TC002_LoginTest - Executing url http://localhost/opencart/upload/
12:33:07.457 [main] INFO  testCases.TC002_LoginTest - Chrome Reading properties from config.properties
12:33:07.701 [main] INFO  testCases.TC002_LoginTest - Chrome ***Starting TC002_LoginTest***
12:33:08.863 [main] INFO  testCases.TC002_LoginTest - Chrome Clicked for login page..
12:33:10.862 [main] INFO  testCases.TC002_LoginTest - Chrome Clicked login button
12:33:10.984 [main] INFO  testCases.TC002_LoginTest - Chrome Test Passed
12:33:10.984 [main] INFO  testCases.TC002_LoginTest - Chrome ***Finished TC001_AccountRegistrationTest***
12:42:06.221 [main] DEBUG org.testng.TestNG - suiteXmlPath: "D:\Lakshmy-SeleniumWorkSpace\MyOpenCart\groupTesting.xml"
12:42:06.618 [main] INFO  org.testng.internal.Utils - [TestNG] Running:
  D:\Lakshmy-SeleniumWorkSpace\MyOpenCart\groupTesting.xml

12:42:52.031 [main] DEBUG org.testng.TestNG - suiteXmlPath: "D:\Lakshmy-SeleniumWorkSpace\MyOpenCart\groupTesting.xml"
12:42:52.350 [main] INFO  org.testng.internal.Utils - [TestNG] Running:
  D:\Lakshmy-SeleniumWorkSpace\MyOpenCart\groupTesting.xml

12:48:46.121 [main] DEBUG org.testng.TestNG - suiteXmlPath: "D:\Lakshmy-SeleniumWorkSpace\MyOpenCart\groupTesting.xml"
12:48:46.435 [main] INFO  org.testng.internal.Utils - [TestNG] Running:
  D:\Lakshmy-SeleniumWorkSpace\MyOpenCart\groupTesting.xml

12:51:53.149 [main] DEBUG org.testng.TestNG - suiteXmlPath: "D:\Lakshmy-SeleniumWorkSpace\MyOpenCart\grouping.xml"
12:51:53.562 [main] INFO  org.testng.internal.Utils - [TestNG] Running:
  D:\Lakshmy-SeleniumWorkSpace\MyOpenCart\grouping.xml

12:51:58.444 [main] INFO  testCases.TC001_AccountRegistrationTest - Running in Chrome Browser...
12:52:04.369 [main] INFO  testCases.TC001_AccountRegistrationTest - Executing url http://localhost/opencart/upload/
12:52:04.370 [main] INFO  testCases.TC001_AccountRegistrationTest - Chrome Reading properties from config.properties
12:52:04.722 [main] INFO  testCases.TC001_AccountRegistrationTest - Chrome ***Starting TC001_AccountRegistrationTest***
12:52:06.363 [main] INFO  testCases.TC001_AccountRegistrationTest - Chrome Clicked registration page..
12:52:06.367 [main] INFO  testCases.TC001_AccountRegistrationTest - Chrome Providing customer details for registration..
12:52:13.423 [main] INFO  testCases.TC001_AccountRegistrationTest - Chrome Asserting confirmation message..
12:52:13.423 [main] INFO  testCases.TC001_AccountRegistrationTest - Chrome Test Passed
12:52:13.423 [main] INFO  testCases.TC001_AccountRegistrationTest - Chrome ***Finished TC001_AccountRegistrationTest***
12:52:17.622 [main] INFO  testCases.TC002_LoginTest - Running in Chrome Browser...
12:52:18.825 [main] INFO  testCases.TC002_LoginTest - Executing url http://localhost/opencart/upload/
12:52:18.825 [main] INFO  testCases.TC002_LoginTest - Chrome Reading properties from config.properties
12:52:19.750 [main] INFO  testCases.TC002_LoginTest - Chrome ***Starting TC002_LoginTest***
