12:39:36.573 [main] INFO  testCases.TC002_LoginTest - Chrome Clicked for login page..
12:39:40.408 [main] INFO  testCases.TC002_LoginTest - Chrome Clicked login button
12:40:00.540 [main] ERROR testCases.TC002_LoginTest - ChromeException no such element: Unable to locate element: {"method":"xpath","selector":"//div[@id='content']/h2[1]"}
  (Session info: chrome=131.0.6778.205)
For documentation on this error, please visit: https://www.selenium.dev/documentation/webdriver/troubleshooting/errors#no-such-element-exception
Build info: version: '4.27.0', revision: 'd6e718d134'
System info: os.name: 'Windows 10', os.arch: 'amd64', os.version: '10.0', java.version: '15.0.2'
Driver info: org.openqa.selenium.chrome.ChromeDriver
Command: [28dcea3edd52c6e22907f9516ff5e178, findElement {using=xpath, value=//div[@id='content']/h2[1]}]
Capabilities {acceptInsecureCerts: false, browserName: chrome, browserVersion: 131.0.6778.205, chrome: {chromedriverVersion: 131.0.6778.264 (2d05e315153..., userDataDir: C:\Users\laksh\AppData\Loca...}, fedcm:accounts: true, goog:chromeOptions: {debuggerAddress: localhost:52729}, networkConnectionEnabled: false, pageLoadStrategy: normal, platformName: windows, proxy: Proxy(), se:cdp: ws://localhost:52729/devtoo..., se:cdpVersion: 131.0.6778.205, setWindowRect: true, strictFileInteractability: false, timeouts: {implicit: 0, pageLoad: 300000, script: 30000}, unhandledPromptBehavior: dismiss and notify, webauthn:extension:credBlob: true, webauthn:extension:largeBlob: true, webauthn:extension:minPinLength: true, webauthn:extension:prf: true, webauthn:virtualAuthenticators: true}
Session ID: 28dcea3edd52c6e22907f9516ff5e178
12:43:15.711 [main] DEBUG org.testng.TestNG - suiteXmlPath: "D:\Lakshmy-SeleniumWorkSpace\MyOpenCart\master.xml"
12:43:16.491 [main] INFO  org.testng.internal.Utils - [TestNG] Running:
  D:\Lakshmy-SeleniumWorkSpace\MyOpenCart\master.xml

12:43:21.062 [main] INFO  testCases.TC002_LoginTest - Running in Chrome Browser...
12:43:23.114 [main] INFO  testCases.TC002_LoginTest - Executing url http://localhost/opencart/upload/
12:43:23.115 [main] INFO  testCases.TC002_LoginTest - Chrome Reading properties from config.properties
12:43:23.583 [main] INFO  testCases.TC002_LoginTest - Chrome ***Starting TC002_LoginTest***
12:43:25.306 [main] INFO  testCases.TC002_LoginTest - Chrome Clicked for login page..
12:43:27.243 [main] INFO  testCases.TC002_LoginTest - Chrome Clicked login button
12:43:47.422 [main] ERROR testCases.TC002_LoginTest - ChromeException no such element: Unable to locate element: {"method":"xpath","selector":"//div[@id='content']/h2[1]"}
  (Session info: chrome=131.0.6778.205)
For documentation on this error, please visit: https://www.selenium.dev/documentation/webdriver/troubleshooting/errors#no-such-element-exception
Build info: version: '4.27.0', revision: 'd6e718d134'
System info: os.name: 'Windows 10', os.arch: 'amd64', os.version: '10.0', java.version: '15.0.2'
Driver info: org.openqa.selenium.chrome.ChromeDriver
Command: [deaa26a27e96e9e608feafb26443cd87, findElement {value=//div[@id='content']/h2[1], using=xpath}]
Capabilities {acceptInsecureCerts: false, browserName: chrome, browserVersion: 131.0.6778.205, chrome: {chromedriverVersion: 131.0.6778.264 (2d05e315153..., userDataDir: C:\Users\laksh\AppData\Loca...}, fedcm:accounts: true, goog:chromeOptions: {debuggerAddress: localhost:53176}, networkConnectionEnabled: false, pageLoadStrategy: normal, platformName: windows, proxy: Proxy(), se:cdp: ws://localhost:53176/devtoo..., se:cdpVersion: 131.0.6778.205, setWindowRect: true, strictFileInteractability: false, timeouts: {implicit: 0, pageLoad: 300000, script: 30000}, unhandledPromptBehavior: dismiss and notify, webauthn:extension:credBlob: true, webauthn:extension:largeBlob: true, webauthn:extension:minPinLength: true, webauthn:extension:prf: true, webauthn:virtualAuthenticators: true}
Session ID: deaa26a27e96e9e608feafb26443cd87
12:45:12.155 [main] DEBUG org.testng.TestNG - suiteXmlPath: "D:\Lakshmy-SeleniumWorkSpace\MyOpenCart\master.xml"
12:45:12.447 [main] INFO  org.testng.internal.Utils - [TestNG] Running:
  D:\Lakshmy-SeleniumWorkSpace\MyOpenCart\master.xml

12:45:15.354 [main] INFO  testCases.TC002_LoginTest - Running in Chrome Browser...
12:45:16.411 [main] INFO  testCases.TC002_LoginTest - Executing url http://localhost/opencart/upload/
12:45:16.412 [main] INFO  testCases.TC002_LoginTest - Chrome Reading properties from config.properties
12:45:16.615 [main] INFO  testCases.TC002_LoginTest - Chrome ***Starting TC002_LoginTest***
12:45:17.841 [main] INFO  testCases.TC002_LoginTest - Chrome Clicked for login page..
12:45:20.320 [main] INFO  testCases.TC002_LoginTest - Chrome Clicked login button
12:45:40.441 [main] ERROR testCases.TC002_LoginTest - ChromeException no such element: Unable to locate element: {"method":"xpath","selector":"//div[@id='content']/h2[1]"}
  (Session info: chrome=131.0.6778.205)
For documentation on this error, please visit: https://www.selenium.dev/documentation/webdriver/troubleshooting/errors#no-such-element-exception
Build info: version: '4.27.0', revision: 'd6e718d134'
System info: os.name: 'Windows 10', os.arch: 'amd64', os.version: '10.0', java.version: '15.0.2'
Driver info: org.openqa.selenium.chrome.ChromeDriver
Command: [799adfc1dc22d6c572fb7111b9dbe3a1, findElement {using=xpath, value=//div[@id='content']/h2[1]}]
Capabilities {acceptInsecureCerts: false, browserName: chrome, browserVersion: 131.0.6778.205, chrome: {chromedriverVersion: 131.0.6778.264 (2d05e315153..., userDataDir: C:\Users\laksh\AppData\Loca...}, fedcm:accounts: true, goog:chromeOptions: {debuggerAddress: localhost:53314}, networkConnectionEnabled: false, pageLoadStrategy: normal, platformName: windows, proxy: Proxy(), se:cdp: ws://localhost:53314/devtoo..., se:cdpVersion: 131.0.6778.205, setWindowRect: true, strictFileInteractability: false, timeouts: {implicit: 0, pageLoad: 300000, script: 30000}, unhandledPromptBehavior: dismiss and notify, webauthn:extension:credBlob: true, webauthn:extension:largeBlob: true, webauthn:extension:minPinLength: true, webauthn:extension:prf: true, webauthn:virtualAuthenticators: true}
Session ID: 799adfc1dc22d6c572fb7111b9dbe3a1
