00:35:05.210 [main] DEBUG org.testng.TestNG - suiteXmlPath: "D:\Lakshmy-SeleniumWorkSpace\MyOpenCart\crossBrowserTesting.xml"
00:35:05.625 [main] INFO  org.testng.internal.Utils - [TestNG] Running:
  D:\Lakshmy-SeleniumWorkSpace\MyOpenCart\crossBrowserTesting.xml

00:35:09.578 [main] INFO  testCases.TC001_AccountRegistrationTest - Executing url http://localhost/opencart/upload/
00:35:09.578 [main] INFO  testCases.TC001_AccountRegistrationTest - null Reading properties from config.properties
00:35:10.132 [main] INFO  testCases.TC001_AccountRegistrationTest - null ***Starting TC001_AccountRegistrationTest***
00:35:10.995 [main] INFO  testCases.TC001_AccountRegistrationTest - null Clicked registration page..
00:35:10.998 [main] INFO  testCases.TC001_AccountRegistrationTest - null Providing customer details for registration..
00:35:15.460 [main] INFO  testCases.TC001_AccountRegistrationTest - null Asserting confirmation message..
00:35:15.461 [main] INFO  testCases.TC001_AccountRegistrationTest - null Test Passed
00:35:15.461 [main] INFO  testCases.TC001_AccountRegistrationTest - null ***Finished TC001_AccountRegistrationTest***
00:38:03.249 [main] DEBUG org.testng.TestNG - suiteXmlPath: "D:\Lakshmy-SeleniumWorkSpace\MyOpenCart\crossBrowserTesting.xml"
00:38:03.589 [main] INFO  org.testng.internal.Utils - [TestNG] Running:
  D:\Lakshmy-SeleniumWorkSpace\MyOpenCart\crossBrowserTesting.xml

00:38:07.933 [main] INFO  testCases.TC001_AccountRegistrationTest - Executing url http://localhost/opencart/upload/
00:38:07.934 [main] INFO  testCases.TC001_AccountRegistrationTest - null Reading properties from config.properties
00:38:08.199 [main] INFO  testCases.TC001_AccountRegistrationTest - null ***Starting TC001_AccountRegistrationTest***
00:38:09.410 [main] INFO  testCases.TC001_AccountRegistrationTest - null Clicked registration page..
00:38:09.412 [main] INFO  testCases.TC001_AccountRegistrationTest - null Providing customer details for registration..
00:38:14.996 [main] INFO  testCases.TC001_AccountRegistrationTest - null Asserting confirmation message..
00:38:14.997 [main] INFO  testCases.TC001_AccountRegistrationTest - null Test Passed
00:38:14.997 [main] INFO  testCases.TC001_AccountRegistrationTest - null ***Finished TC001_AccountRegistrationTest***
00:39:59.132 [main] DEBUG org.testng.TestNG - suiteXmlPath: "D:\Lakshmy-SeleniumWorkSpace\MyOpenCart\crossBrowserTesting.xml"
00:39:59.619 [main] INFO  org.testng.internal.Utils - [TestNG] Running:
  D:\Lakshmy-SeleniumWorkSpace\MyOpenCart\crossBrowserTesting.xml

00:40:03.896 [main] INFO  testCases.TC001_AccountRegistrationTest - Executing url http://localhost/opencart/upload/
00:40:03.897 [main] INFO  testCases.TC001_AccountRegistrationTest - null Reading properties from config.properties
00:40:04.581 [main] INFO  testCases.TC001_AccountRegistrationTest - null ***Starting TC001_AccountRegistrationTest***
00:40:05.757 [main] INFO  testCases.TC001_AccountRegistrationTest - null Clicked registration page..
00:40:05.761 [main] INFO  testCases.TC001_AccountRegistrationTest - null Providing customer details for registration..
00:40:10.312 [main] INFO  testCases.TC001_AccountRegistrationTest - null Asserting confirmation message..
00:40:10.312 [main] INFO  testCases.TC001_AccountRegistrationTest - null Test Passed
00:40:10.312 [main] INFO  testCases.TC001_AccountRegistrationTest - null ***Finished TC001_AccountRegistrationTest***
00:40:15.977 [main] INFO  testCases.TC001_AccountRegistrationTest - Executing url http://localhost/opencart/upload/
00:40:15.977 [main] INFO  testCases.TC001_AccountRegistrationTest - null Reading properties from config.properties
00:40:16.738 [main] INFO  testCases.TC001_AccountRegistrationTest - null ***Starting TC001_AccountRegistrationTest***
00:40:18.677 [main] INFO  testCases.TC001_AccountRegistrationTest - null Clicked registration page..
00:40:18.678 [main] INFO  testCases.TC001_AccountRegistrationTest - null Providing customer details for registration..
00:40:23.773 [main] INFO  testCases.TC001_AccountRegistrationTest - null Asserting confirmation message..
00:40:23.774 [main] INFO  testCases.TC001_AccountRegistrationTest - null Test Passed
00:40:23.774 [main] INFO  testCases.TC001_AccountRegistrationTest - null ***Finished TC001_AccountRegistrationTest***
00:40:34.096 [main] INFO  testCases.TC001_AccountRegistrationTest - Executing url http://localhost/opencart/upload/
00:40:34.096 [main] INFO  testCases.TC001_AccountRegistrationTest - null Reading properties from config.properties
00:40:34.187 [main] INFO  testCases.TC001_AccountRegistrationTest - null ***Starting TC001_AccountRegistrationTest***
00:40:35.696 [main] INFO  testCases.TC001_AccountRegistrationTest - null Clicked registration page..
00:40:35.698 [main] INFO  testCases.TC001_AccountRegistrationTest - null Providing customer details for registration..
00:40:40.487 [main] INFO  testCases.TC001_AccountRegistrationTest - null Asserting confirmation message..
