19:21:22.925 [main] DEBUG org.apache.poi.openxml4j.opc.PackageRelationshipCollection - Parsing relationship: /xl/_rels/workbook.xml.rels
19:21:22.929 [main] DEBUG org.apache.poi.openxml4j.opc.PackageRelationshipCollection - Parsing relationship: /xl/worksheets/_rels/sheet1.xml.rels
19:21:22.930 [main] DEBUG org.apache.poi.openxml4j.opc.PackageRelationshipCollection - Parsing relationship: /_rels/.rels
19:21:22.950 [main] DEBUG org.apache.poi.openxml4j.opc.PackageRelationshipCollection - Parsing relationship: /xl/_rels/workbook.xml.rels
19:21:22.951 [main] DEBUG org.apache.poi.openxml4j.opc.PackageRelationshipCollection - Parsing relationship: /xl/worksheets/_rels/sheet1.xml.rels
19:21:22.952 [main] DEBUG org.apache.poi.openxml4j.opc.PackageRelationshipCollection - Parsing relationship: /_rels/.rels
19:21:22.973 [main] DEBUG org.apache.poi.openxml4j.opc.PackageRelationshipCollection - Parsing relationship: /xl/_rels/workbook.xml.rels
19:21:22.974 [main] DEBUG org.apache.poi.openxml4j.opc.PackageRelationshipCollection - Parsing relationship: /xl/worksheets/_rels/sheet1.xml.rels
19:21:22.975 [main] DEBUG org.apache.poi.openxml4j.opc.PackageRelationshipCollection - Parsing relationship: /_rels/.rels
19:26:13.422 [main] DEBUG org.testng.TestNG - suiteXmlPath: "D:\Lakshmy-SeleniumWorkSpace\MyOpenCart\master.xml"
19:26:18.615 [main] INFO  testCases.TC001_AccountRegistrationTest - Running in Chrome Browser...
19:26:22.012 [main] INFO  testCases.TC001_AccountRegistrationTest - Executing url null
19:26:22.012 [main] INFO  testCases.TC001_AccountRegistrationTest - Chrome Reading properties from config.properties
19:26:22.072 [main] INFO  testCases.TC001_AccountRegistrationTest - Chrome ***Starting TC001_AccountRegistrationTest***
19:26:24.162 [main] INFO  testCases.TC001_AccountRegistrationTest - Chrome Clicked registration page..
19:26:24.225 [main] INFO  testCases.TC001_AccountRegistrationTest - Chrome Providing customer details for registration..
19:26:28.814 [main] INFO  testCases.TC001_AccountRegistrationTest - Chrome Asserting confirmation message..
19:26:28.815 [main] INFO  testCases.TC001_AccountRegistrationTest - Chrome Test Passed
19:26:28.815 [main] INFO  testCases.TC001_AccountRegistrationTest - Chrome ***Finished TC001_AccountRegistrationTest***
19:49:38.704 [main] DEBUG org.testng.TestNG - suiteXmlPath: "D:\Lakshmy-SeleniumWorkSpace\MyOpenCart\master.xml"
19:49:45.048 [main] INFO  testCases.TC001_AccountRegistrationTest - Running in Chrome Browser...
19:49:47.297 [main] INFO  testCases.TC001_AccountRegistrationTest - Executing url null
19:49:47.297 [main] INFO  testCases.TC001_AccountRegistrationTest - Chrome Reading properties from config.properties
19:49:47.352 [main] INFO  testCases.TC001_AccountRegistrationTest - Chrome ***Starting TC001_AccountRegistrationTest***
19:49:49.357 [main] INFO  testCases.TC001_AccountRegistrationTest - Chrome Clicked registration page..
19:49:49.367 [main] INFO  testCases.TC001_AccountRegistrationTest - Chrome Providing customer details for registration..
19:49:53.675 [main] INFO  testCases.TC001_AccountRegistrationTest - Chrome Asserting confirmation message..
19:49:53.675 [main] INFO  testCases.TC001_AccountRegistrationTest - Chrome Test Passed
19:49:53.675 [main] INFO  testCases.TC001_AccountRegistrationTest - Chrome ***Finished TC001_AccountRegistrationTest***
19:52:59.882 [main] DEBUG org.testng.TestNG - suiteXmlPath: "D:\Lakshmy-SeleniumWorkSpace\MyOpenCart\master.xml"
19:53:10.451 [main] INFO  testCases.TC001_AccountRegistrationTest - Running in Chrome Browser...
19:53:15.033 [main] INFO  testCases.TC001_AccountRegistrationTest - Executing url null
19:53:15.033 [main] INFO  testCases.TC001_AccountRegistrationTest - Chrome Reading properties from config.properties
19:53:15.173 [main] INFO  testCases.TC001_AccountRegistrationTest - Chrome ***Starting TC001_AccountRegistrationTest***
19:53:18.149 [main] INFO  testCases.TC001_AccountRegistrationTest - Chrome Clicked registration page..
19:53:18.271 [main] INFO  testCases.TC001_AccountRegistrationTest - Chrome Providing customer details for registration..
19:53:24.629 [main] INFO  testCases.TC001_AccountRegistrationTest - Chrome Asserting confirmation message..
19:53:24.630 [main] INFO  testCases.TC001_AccountRegistrationTest - Chrome Test Passed
19:53:24.635 [main] INFO  testCases.TC001_AccountRegistrationTest - Chrome ***Finished TC001_AccountRegistrationTest***
